<?xml version="1.0" encoding="UTF-8"?>
<testng-results ignored="0" total="1" passed="1" failed="0" skipped="0">
  <reporter-output>
  </reporter-output>
  <suite started-at="2024-11-14T22:11:35 IST" name="Default suite" finished-at="2024-11-14T22:11:52 IST" duration-ms="17058">
    <groups>
    </groups>
    <test started-at="2024-11-14T22:11:35 IST" name="Default test" finished-at="2024-11-14T22:11:52 IST" duration-ms="17058">
      <class name="Testcases.Tc_RgisterPatient">
        <test-method is-config="true" signature="setup()[pri:0, instance:Testcases.Tc_RgisterPatient@223191a6]" started-at="2024-11-14T22:11:35 IST" name="setup" finished-at="2024-11-14T22:11:40 IST" duration-ms="5866" status="PASS">
          <reporter-output>
          </reporter-output>
        </test-method> <!-- setup -->
        <test-method signature="Login()[pri:0, instance:Testcases.Tc_RgisterPatient@223191a6]" started-at="2024-11-14T22:11:40 IST" name="Login" finished-at="2024-11-14T22:11:46 IST" duration-ms="5568" status="PASS">
          <reporter-output>
          </reporter-output>
        </test-method> <!-- Login -->
        <test-method is-config="true" signature="tearDown()[pri:0, instance:Testcases.Tc_RgisterPatient@223191a6]" started-at="2024-11-14T22:11:46 IST" name="tearDown" finished-at="2024-11-14T22:11:52 IST" duration-ms="5560" status="PASS">
          <reporter-output>
          </reporter-output>
        </test-method> <!-- tearDown -->
      </class> <!-- Testcases.Tc_RgisterPatient -->
    </test> <!-- Default test -->
  </suite> <!-- Default suite -->
</testng-results>
